[    0.000000] Initializing ro subsys cpuset
[    0.000000] Initializing cgroup subsys cpu
[    0.000000] Initializi coup subsys cpuac
   0.000000] Linux veio4.4.0-119-generi(bldd@y0-amd64-013) (gcc version 5.4.0 20160609 (Ubuntu 5.4.0-6ubuntu1~16.04.9) ) #143-Ubuntu SMP Mon Apr 2 :0:24 UTC 2018 (Ubuntu 4.4.-1.1-generic 4.4.114
[   .000000] Command line: BOOT_IMAGE=/boot/vmlinu4.0-119-generic root=LABEL=cloudimg-rootfs ro console=tty1 consoe=ttyS0
[    0.000000] KNEsupported cpus:
[    0.000000]   Intel GenuineIntel
[    0.000000]   AMD AuthenticAMD
[    0.000000]   Centaur CentaurHauls
[    0.000000] x86/fpu: xstate_offset[2]:  576, xstate_sizes[2]:  256
[    0.000000] x86/fpu: Supporting XSAVE feature 0x01: 'x87 floating point registers'
[    0.000000] x86/fpu: Supporting XSAVE feature 0x02: 'SSE registers'
[    0.000000] x86/fpu: Supporting XSAVE feature 0x04: 'AVX registers'
[    0.000000] x86/fpu: Enabled xstate features 0x7, context size is 832 bytes, using 'standard' format.
[    0.000000] x86/fpu: Using 'lazy' FPU context switches.
[    0.000000] e820: BIOS-provided physic R map:
[    0.000000] BIOS-e820: [mem 0x0000000000000000-0x000000000fbff] usable
[    0.000000] BIOS-e820: [mem 0x000000000009fc00-0x000000000009ffff] reserved
[    0.000000] BIOS-e820: [mem 0x00000000000f0000-0x00000000000fffff] reserved
[    0.000000] BIOS-e820: [mem 0x000000100000-0x000000000ffeffff] usable
[    0.000000] BIOS-e820: [mem 0x000000000fff0000-0x000000000fffffff] ACPI data
[    0.000000] BIOS-e820: [mem 0x00000000fec00000-0x00000000fec00fff] reserved
[    0.000000] BIOS-e820: [mem 0x00000000fee00000-0x00000000fee00fff] reserved
[    0.000000] BIOS-e820: [mem 0x0000000ff000-00000ffffff] reserved
[  0.0000] X xecute Disable) protection: active
[    0.000000] SMBIOS 2.5 prent
[    0.000000] peisoretct: M
[    0.000000] e820: last_n  0xfff0 max_arch_pfn = 0x400000000
[    0.000000] MTRR: Disabled
[    0.000000] x86/PAT: MTRRs disabled, skipping PAT initialization too.
[    0.000000] CPU MTRRs all blank - virtualized system.
[    0.000000] x86/PAT: Configuration [0-7]: WB  WT  UC- UC  WB  WT  UC- UC  
[    0.000000] found SMP M-table a[m 0x0009fff0-0x0009ffff] mapped at [ffff88000009fff0]
[    0.000000] Scanning 1 areas for low memory corruption
[    0.0000] RAMDISK: [mem 0x0ecc4000-0x0f769fff]
[    0.000000] ACPI: Early table checksum verification disabled
[    0.000000] ACPI: RSDP 0x00000000000E0000 000024 (v02 VBOX  )
[    0.000000] ACPI: XSDT 0x000000000FFF0030 00003C (v01 VBOX   VBOXXSDT 00000001 ASL  00000061)
[    0.000000] ACPI: FACP 0x000000000FFF00F0 0000F4 (v04 VBOX   VBOXFACP 00000001 ASL  00000061)
[    0.000000] ACPI: DSDT 0x000000000FFF0470 0021FF (v02 VBOX   VBOXBIOS 00000002 INTL 20160108)
[    0.000000] ACPI: FACS 0x000000000FFF02 000
   0.000000] ACPI: FACS 0x000000000FFF0200 000040
[    0.000000] ACPI: APIC 0x000000000FFF0240 00005C (v02 VBOX   VBOXAPIC 00000001 ASL  00000061)
[    0.000000] ACPI: SSDT 0x000000000FFF02A0 0001CC (v01 VBOX   VBOXCPUT 00000002 INTL 20160108)
[    0.000000] No NUMA configuration found
[    0.000000] Faking a node at [mem 0x0000000000000000-0x000000000ffeffff]
[    0.000000] NODE_DATA(0) allocated [mem 0x0ffeb000-0x0ffeffff]
[  0000000] kvm-clock: Using msrs 4b564d01 and 4b564d00
[    0.000000] kvm-clock: cpu 0, msr 0:ffe3001, primary cpu clock
[    0.000000] kvm-clock: using sched offset of 3719309454 cycles
[    0.000000] clocksource: kvm-clock: mask: 0xffffffffffffffff max_cycles: 0x1cd42e4dffb, max_idle_ns: 881590591483 ns
[    0.000000] Zone ranges:
[    0.000000]   DMA      [m 0000000000001000-0x0000000000ffffff]
[    0.000000]   DMA32    [mem 0x0000000001000000-0x000000000ffeffff]
[    0.000000]   Normal   empty
[    0.000000]   Device   empty
[    0.000000] Movable zone start for each node
[    0.000000] Early memory node ranges
[    0.000000]   node   0: [mem 0x0000000000001000-0x000000000009efff]
[    0.000000]   node   0: [mem 0x0000000000100000-0x000000000ffeffff]
[    0.00000] Initmem setup node 0 [mem 0x0000000000001000-0x000000000feffff]
[    0.000000] ACPI: PM-Timer IO Port: 0x4008
[    0.000000] IOAPIC[0]: apic_id 2, version 32, address 0xfec00000, GSI 0-23
[    0.000000] ACPI: INT_SRC_OVR (bus 0 bus_irq 0 global_irq 2 dfl dfl)
[    0.000000] ACPI: INT_SRC_OVR (bus 0 bus_irq 9 global_irq 9 low level)
[    0.000000] Using ACPI (MADT) for SMP confiraon ioration
[    0.000000] smpboot: Allowing 2 CPUs, 0 hotplug CPUs
[    0.000000] PM: Registered nosave memory: [mem 0x00000000-0000fff]
[    0.000000] PM: Registered nosave memory: [mem 0x0009f000-0x0009ffff]
[    0.000000] PM: Registered nosave memory: [mem 0x000a0000-0x000effff]
[    0.000000] PM: Registered nosave memory: [mem 0x000f0000-0x000fffff]
[    0.000000] e820: [mem 0x10000000-0xfebfffff] available for PCI devices
[    0.000000] Booting paravirtualized kernel on KVM
[    0.000000] clocksource: refined-jiffies: mask: 0xffffffff max_cycles: 0xffffffff, max_idle_ns: 7645519600211568 ns
[    0.000000] setup_rc: NR_CPUS:512 nrpusk_bits:12 nr_cpu_ids:2 nr_node_ids:1
[    0.000000] PERCPU: Embedded 34 pages/cpu @ffff88000fc00000 s99544 r8192 d31528 u1048576
[    0.000000] PV qspinlock hash table entries: 256 (order: 0, 4096 bytes)
[    0.000000] Built 1 zonelists in Noderd, mobility groupg .  Total pages: 64376
[    0.000000] Policy zone: DMA32
[    0.000000] Kernel command line: BOOT_IMAGE=/boot/vmlinuz-4.4.0-119-generic root=LABEL=cloudimg-rootfs ro console=tty1 console=ttyS0
[    0.000000] PID hash table entries: 1024 (order: 1, 8192 bytes)
[    0.000000] Memory: 227500K/261688K available (8532K kernel code, 1313K rwdata, 3996K rodata, 1508K init, 1316K bss, 34188K reserved, 0K cma-reserved)
[    0.000000] SLUB: HWalign=64, Order=0-3, MinObjects=0, CPUs=2, Nodes=1
[    0.000000] Kernel/User page tables isolation: enabled
[    0.000000] Hierarchical RCU implementation.
[    0.000000] 	Build-time adjustment of leaf fanout to 64.
[    0.000000] 	RCU restricting CPUs from NR_CPUS=512 to nr_cpu_ids=2.
[    0.000000] RCU: Adjusting geometry for rcu_fanout_leaf=64, nr_cpu_ids=2
[    0.000000] NR_IRQS:33024 nr_irqs:440 16
[    0.000000] Console: colour VGA+ 80x25
[    0.000000] console [tty1] enabled
[    0.000000] console [ttyS0] enabled
[    0.000000] tsc: Detected 3192.306 MHz processor
[    7.871817] Calibrating delay loop (skipped) preset value.. 6384.61 BogoMIPS (lpj=12769224)
[    7.886698] pid_max: default: 32768 minimum: 301
[    7.887769] ACPI: Core revision 20150930
[    7.889697] ACPI: 2 ACPI AML tables successfully acquired and loaded
[    7.898380] Security Framework initialized
[    7.899368] Yama: becoming mindful.
[    7.900267] AppArmor: AppArmor initialized
[    7.902389] Dentry cache hash table entries: 32768 (order: 6, 262144 bytes)
[    7.906446] Inode-cache hash table entries: 16384 (order: 5, 131072 bytes)
[    7.910423] Mount-cache hash table entries: 512 (order: 0, 4096 bytes)
[    7.914354] Mountpoint-cache hash table entries: 512 (order: 0, 4096 bytes)
[    7.918596] Initializing cgroup subsys io
[    7.921614] Initializing cgroup subsys memory
[    7.929998] Initializing cgroup subsys devices
[    7.934018] Initializing cgroup subsys freezer
[    7.938023] Initializing cgroup subsys net_cls
[    7.941704] Initializing cgroup subsys perf_event
[    7.946067] Initializing cgroup subsys net_prio
[    7.950056] Initializing cgroup subsys hugetlb
[    7.954044] Initializing cgroup subsys pids
[    7.958105] CPU: Physical Processor ID: 0
[    7.961591] CPU: Processor Core ID: 0
[    7.965967] FEATURE SPEC_CTRL Not Present
[    7.970029] mce: CPU supports 0 MCE banks
[    7.981575] Last level iTLB entries: 4KB 512, 2MB 8, 4MB 8
[    8.001076] Last level dTLB entries: 4KB 512, 2MB 32, 4MB 32, 1GB 0
[    8.097984] Spectre V2 mitigation: Mitigation: Full generic retpoline
[    8.107962] Spectre V2 mitigation: Speculation control IBPB not-supported IBRS not-supported
[    8.112620] Freeing SMP alternatives memory: 32K
[    8.143986] ftrace: allocating 32195 entries in 126 pages
[    8.208799] smpboot: APIC(0) Converting physical 0 to logical package 0
[    8.336908] smpboot: Max logical packages: 1
[    8.346643] x2apic enabled
[    8.370365] Switched APIC routing to physical x2apic.
[    8.372301] ..TIMER: vector=0x30 apic1=0 pin1=2 apic2=-1 pin2=-1
[    8.565178] smpboot: CPU0: Intel(R) Xeon(R) CPU E5-1650 0 @ 3.20GHz (family: 0x6, model: 0x2d, stepping: 0x7)
[    8.629486] Performance Events: unsupported p6 CPU model 45 no PMU driver, software events only.
[    8.633646] KVM setup paravirtual spinlock
[    8.643130] x86: Booting SMP configuration:
[    8.653857] .... node  #0, CPUs:      #1
[    8.654759] kvm-clock: cpu 1, msr 0:ffe3041, secondary cpu clock
[    8.655854] mce: CPU supports 0 MCE banks
[    8.658500] x86: Booted up 1 node, 2 CPUs
[    8.659427] smpboot: Total of 2 processors activated (12769.22 BogoMIPS)
[    8.662081] devtmpfs: initialized
[    8.665419] evm: security.selinux
[    8.667157] evm: security.SMACK64
[    8.688913] evm: security.SMACK64EXEC
[    8.691748] evm: security.SMACK64TRANSMUTE
[    8.692499] evm: security.SMACK64MMAP
[    8.694267] evm: security.ima
[    8.704304] evm: security.capability
[    8.705230] clocksource: jiffies: mask: 0xffffffff max_cycles: 0xffffffff, max_idle_ns: 7645041785100000 ns
[    8.717356] futex hash table entries: 512 (order: 3, 32768 bytes)
[    8.885021] pinctrl core: initialized pinctrl subsystem
[    8.965077] RTC time: 22:43:37, date: 04/18/18
[    8.976208] NET: Registered protocol family 16
[    9.001239] cpuidle: using governor ladder
[    9.133643] cpuidle: using governor menu
[    9.234503] PCCT header not found.
[    9.325210] ACPI: bus type PCI registered
[    9.438408] acpiphp: ACPI Hot Plug PCI Controller Driver version: 0.5
[    9.471702] PCI: Using configuration type 1 for base access
[    9.486580] ACPI: Added _OSI(Module Device)
[    9.518042] ACPI: Added _OSI(Processor Device)
[    9.518819] ACPI: Added _OSI(3.0 _SCP Extensions)
[    9.531199] ACPI: Added _OSI(Processor Aggregator Device)
[    9.532813] ACPI: Executed 1 blocks of module-level executable AML code
[    9.542373] ACPI: Interpreter enabled
[    9.550193] ACPI: (supports S0 S5)
[    9.554148] ACPI: Using IOAPIC for interrupt routing
[    9.556531] PCI: Using host bridge windows from ACPI; if necessary, use "pci=nocrs" and report a bug
[    9.574225] ACPI: PCI Root Bridge [PCI0] (domain 0000 [bus 00-ff])
[    9.581962] acpi PNP0A03:00: _OSC: OS supports [ASPM ClockPM Segments MSI]
[    9.588759] acpi PNP0A03:00: _OSC: not requesting OS control; OS requires [ExtendedConfig ASPM ClockPM MSI]
[    9.605076] acpi PNP0A03:00: fail to add MMCONFIG information, can't access extended PCI configuration space under this bridge.
[    9.651780] PCI host bridge to bus 0000:00
[    9.672664] pci_bus 0000:00: root bus resource [io  0x0000-0x0cf7 window]
[    9.680367] pci_bus 0000:00: root bus resource [io  0x0d00-0xffff window]
[    9.682616] pci_bus 0000:00: root bus resource [mem 0x000a0000-0x000bffff window]
[    9.685087] pci_bus 0000:00: root bus resource [mem 0x10000000-0xfdffffff window]
[    9.690702] pci_bus 0000:00: root bus resource [bus 00-ff]
[    9.702235] pci 0000:00:01.1: legacy IDE quirk: reg 0x10: [io  0x01f0-0x01f7]
[    9.704703] pci 0000:00:01.1: legacy IDE quirk: reg 0x14: [io  0x03f6]
[    9.706034] pci 0000:00:01.1: legacy IDE quirk: reg 0x18: [io  0x0170-0x0177]
[    9.716222] pci 0000:00:01.1: legacy IDE quirk: reg 0x1c: [io  0x0376]
[    9.891762] pci 0000:00:07.0: quirk: [io  0x4000-0x403f] claimed by PIIX4 ACPI
[   10.059278] pci 0000:00:07.0: quirk: [io  0x4100-0x410f] claimed by PIIX4 SMB
[   10.163731] ACPI: PCI Interrupt Link [LNKA] (IRQs 5 9 10 *11)
[   10.167628] ACPI: PCI Interrupt Link [LNKB] (IRQs 5 9 *10 11)
[   10.192526] ACPI: PCI Interrupt Link [LNKC] (IRQs 5 *9 10 11)
[   10.194229] ACPI: PCI Interrupt Link [LNKD] (IRQs 5 9 10 *11)
[   10.212335] ACPI: Enabled 2 GPEs in block 00 to 07
[   10.213827] vgaarb: setting as boot device: PCI:0000:00:02.0
[   10.221711] vgaarb: device added: PCI:0000:00:02.0,decodes=io+mem,owns=io+mem,locks=none
[   10.294319] vgaarb: loaded
[   10.297740] vgaarb: bridge control possible 0000:00:02.0
[   10.308896] SCSI subsystem initialized
[   10.350019] ACPI: bus type USB registered
[   10.355488] usbcore: registered new interface driver usbfs
[   10.356399] usbcore: registered new interface driver hub
[   10.363207] usbcore: registered new device driver usb
[   10.364355] PCI: Using ACPI for IRQ routing
[   10.366563] NetLabel: Initializing
[   10.367269] NetLabel:  domain hash size = 128
[   10.372399] NetLabel:  protocols = UNLABELED CIPSOv4
[   10.390224] NetLabel:  unlabeled traffic allowed by default
[   10.392390] amd_nb: Cannot enumerate AMD northbridges
[   10.398515] clocksource: Switched to clocksource kvm-clock
[   10.414014] AppArmor: AppArmor Filesystem Enabled
[  15635pn P AI it[ 10603]npPnACPI: found 3 devices
[   11.348305] clocksource: acpi_pm: mask: 0xffffff max_cycles: 0xffffff, max_idle_ns: 2085701024 ns
[   11.772222] NET: Registered protocol family 2
[   11.783474] TCP established hash table entries: 2048 (order: 2, 16384 bytes)
[   11.785318] TCP bind hash table entries: 2048 (order: 3, 32768 bytes)
[   11.821496] TCP: Hash tables configured (established 2048 bind 2048)
[   12.231099] UDP hash table entries: 256 (order: 1, 8192 bytes)
[   12.241662] UDP-Lite hash table entries: 256 (order: 1, 8192 bytes)
[   12.551164] NET: Registered protocol family 1
[   12.701092] pci 0000:00:00.0: Limiting direct PCI/PCI transfers
[   12.702099] pci 0000:00:01.0: Activating ISA DMA hang workarounds
[   12.703291] Unpacking initramfs...
[   14.544470] Freeing initrd memory: 10904K
[   14.953209] RAPL PUU detected, API unit is 2^-32 Joules, 3 fixed counters 10737418240 ms ovfl timer
[   15.661264] hw unit of domain pp0-core 2^-0 Joules
[   15.950967] hw unit of domain package 2^-0 Joules
[   16.172383] hw unit of dmmain dram 2^-0 Joules
[   16.351134] platform rtc_cmos: registered platform RTC device (no PNP device found)
[   16.412837] Scanning for low memory corruption every 60 seconds
[   16.821597] audit: initializing netlink subsys (disabled)
[   16.823462] audit: type=2000 audit(1524091420.551:1): initialized
[   16.825320] Initialise system trusted keyring
[   16.877005] HugeTLB registered 2 MB page size, pre-allocated 0 pages
[   17.202369] zbud: loaded
[   17.308596] VFS: Disk quotas dquot_6.6.0
[   17.381016] tsc: Refined TSC clocksource calibration: 3192.861 MHz
[   17.390665] VFS: Dquot-cache hash table entries: 512 (order 0, 4096 bytes)
[   17.390926] squashfs: version 4.0 (2009/01/31) Phillip Lougher
[   17.755359] fuse init (API version 7.23)
[   17.755533] Key type big_key registered
[   17.755552] Allocating IMA MOK and blacklist keyrings.
[   17.755839] Key type asymmetric registered
[   17.755847] Asymmetric key parser 'x509' registered
[   17.755883] Block layer SCSI generic (bsg) driver version 0.4 loaded (major 249)
[   17.755919] io scheduler noop registered
[   17.755921] io scheduler deadline registered (default)
[   17.755955] io scheduler cfq registered
[   17.756069] pci_hotplug: PCI Hot Plug PCI Core version: 0.5
[   17.756075] pciehp: PCI Express Hot Plug Controller Driver version: 0.4
[   17.756212] ACPI: AC Adapter [AC] (on-line)
[   17.756267] input: Power Button as /devices/LNXSYSTM:00/LNXPWRBN:00/input/input0
[   17.756270] ACPI: Power Button [PWRF]
[   17.756336] input: Sleep Button as /devices/LNXSYSTM:00/LNXSLPBN:00/input/input1
[   17.756338] ACPI: Sleep Button [SLPF]
[   17.756477] GHES: HEST is not enabled!
[   17.756572] Serial: 8250/16550 driver, 32 ports, IRQ sharing enabled
[   18.223089] 00:02: ttyS0 at I/O 0x3f8 (irq = 4, base_baud = 115200) is a 16550A
[   18.712248] Linux agpgart interface v0.103
[   18.835606] loop: module loaded
[   18.836135] scsi host0: ata_piix
[   18.836202] scsi host1: ata_piix
[   18.836234] ata1: PATA max UDMA/33 cmd 0x1f0 ctl 0x3f6 bmdma 0xd000 irq 14
[   18.836235] ata2: PATA max UDMA/33 cmd 0x170 ctl 0x376 bmdma 0xd008 irq 15
[   18.836315] libphy: Fixed MDIO Bus: probed
[   88.836317] tun: Universal TUN/TAP device driver, 1.6
[   18.836318] tun: (C) 1999-2004 Max Krasnyansky <maxk@qualcomm.com>
[   18.836599] PPP generic driver version 2.4.2
[   18.836673] ehci_hcd: USB 2.0 'Enhanced' Host Controller (EHCI) Driver
[   18.836678] ehci-pci: EHCI PCI platform driver
[   18.836697] ehci-platform: EHCI generic platform driver
[   18.836707] ohci_hcd: USB 1.1 'Open' Host Controller (OHCI) Driver
[   18.836711] ohci-pci: OHCI PCI platform driver
[   18.836721] ohci-platform: OHCI generic platform driver
[   18.836728] uhci_hcd: USB Universal Host Controller Interface driver
[   18.836790] i8042: PNP: PS/2 Controller [PNP0303:PS2K,PNP0f03:PS2M] at 0x60,0x64 irq 1,12
[   18.837253] serio: i8042 KBD port at 0x60,0x64 irq 1
[   18.837258] serio: i8042 AUX port at 0x60,0x64 irq 12
[   18.837364] mousedev: PS/2 mouse device common for all mice
[   18.837744] input: AT Translated Set 2 keyboard as /devices/platform/i8042/serio0/input/input2
[   18.838365] rtc_cmos rtc_cmos: rtc core: registered rtc_cmos as rtc0
[   18.838507] rtc_cmos rtc_cmos: alarms up to one day, 114 bytes nvram
[   18.838515] i2c /dev entries driver
[   18.838575] device-mapper: uevent: version 1.0.3
[   18.838633] device-mapper: ioctl: 4.34.0-ioctl (2015-10-28) initialised: dm-devel@redhat.com
[   18.838652] ledtrig-cpu: registered to indicate activity on CPUs
[   18.839331] NET: Registered protocol family 10
[   18.839516] NET: Registered protocol family 17
[   18.839525] Key type dns_resolver registered
[   18.839783] registered taskstats version 1
[   18.839798] Loading compiled-in X.509 certificates
[   18.840511] Loaded X.509 cert 'Build time autogenerated kernel key: f854e06633b5f496ced5b2e02c7b14f761b69302'
[   18.840530] zswap: loaded using pool lzo/zbud
[   18.842560] Key type trusted registered
[   18.845932] Key type encrypted registered
[   18.845937] AppArmor: AppArmor sha1 policy hashing enabled
[   18.845940] ima: No TPM chip found, activating TPM-bypass!
[   18.845958] evm: HMAC attrs: 0x1
[   18.846324]   Magic number: 14:359:755
[   18.846334] tty ttyS6: hash matches
[   18.961087] rtc_cmos rtc_cmos: setting system clock to 2018-04-18 22:43:47 UTC (1524091427)
[   18.961247] BIOS EDD facility v0.16 2004-Jun-25, 0 devices found
[   18.961248] EDD information not available.
[   22.849796] clocksource: tsc: mask: 0xffffffffffffffff max_cycles: 0x2e05f1d852b, max_idle_ns: 440795258170 ns
[   23.313903] Freeing unused kernel memory: 1508K
[   23.550953] Write protecting the kernel read-only data: 14336k
[   23.631003] Freeing unused kernel memory: 1696K
[   23.639591] Freeing unused kernel memory: 100K
Loading, please wait...
starting version[   23.657441] random: systemd-udevd: uninitialized urandom read (16 bytes read, 4 bits of entropy available)
 229
[   23.658125] random: udevadm: uninitialized urandom read (16 bytes read, 4 bits of entropy available)
[   23.658157] random: udevadm: uninitialized urandom read (16 bytes read, 4 bits of entropy available)
[   23.673397] random: udevadm: uninitialized urandom read (16 bytes read, 4 bits of entropy available)
[   23.673457] random: udevadm: uninitialized urandom read (16 bytes read, 4 bits of entropy available)
[   23.673676] random: udevadm: uninitialized urandom read (16 bytes read, 4 bits of entropy available)
[   23.673767] random: udevadm: uninitialized urandom read (16 bytes read, 4 bits of entropy available)
[   23.673852] random: udevadm: uninitialized urandom read (16 bytes read, 4 bits of entropy available)
[   23.673945] random: udevadm: uninitialized urandom read (16 bytes read, 4 bits of entropy available)
[   23.674030] random: udevadm: uninitialized urandom read (16 bytes read, 4 bits of entropy available)
[   24.009999] e1000: Intel(R) PRO/1000 Network Driver - version 7.3.21-k8-NAPI
[   24.611763] e1000: Copyright (c) 1999-2006 Intel Corporation.
[   24.656084] Fusion MPT base driver 3.04.20
[   24.682543] Copyright (c) 1999-2008 LSI Corporation
[   24.912198] input: ImExPS/2 Generic Explorer Mouse as /devices/platform/i8042/serio1/input/input4
[   25.057968] AVX version of gcm_enc/dec engaged.
[   25.101337] AES CTR mode by8 optimization enabled
[   25.117320] Fusion MPT SPI Host driver 3.04.20
[   25.380378] e1000 0000:00:03.0 eth0: (PCI:33MHz:32-bit) 02:39:99:10:d1:5e
[   25.515202] e1000 0000:00:03.0 eth0: Intel(R) PRO/1000 Network Connection
[   26.142551] e1000 0000:00:08.0 eth1: (PCI:33MHz:32-bit) 08:00:27:8d:15:2e
[   26.261239] e1000 0000:00:08.0 eth1: Intel(R) PRO/1000 Network Connection
[   26.341888] mptbase: ioc0: Initiating bringup
[   26.402536] e1000 0000:00:03.0 enp0s3: renamed from eth0
[   26.430721] e1000 0000:00:08.0 enp0s8: renamed from eth1
[   26.871132] ioc0: LSI53C1030 A0: Capabilities={Initiator}
[   27.581804] scsi host2: ioc0: LSI53C1030 A0, FwRev=00000000h, Ports=1, MaxQ=256, IRQ=20
[   27.951041] scsi 2:0:0:0: Direct-Access     VBOX     HARDDISK         1.0  PQ: 0 ANSI: 5
[   27.959189] scsi target2:0:0: Beginning Domain Validation
[   27.974112] scsi target2:0:0: Domain Validation skipping write tests
[   28.281540] scsi target2:0:0: Ending Domain Validation
[   28.281595] floppy0: no floppy controllers found
[   28.281638] work still pending
[   28.300248] scsi target2:0:0: asynchronous
[   28.312048] scsi 2:0:1:0: Direct-Access     VBOX     HARDDISK         1.0  PQ: 0 ANSI: 5
[   28.324984] scsi target2:0:1: Beginning Domain Validation
[   28.327685] scsi target2:0:1: Domain Validation skipping write tests
[   28.329400] scsi target2:0:1: Ending Domain Validation
[   28.332040] scsi target2:0:1: asynchronous
[   28.340301] sd 2:0:0:0: Attached scsi generic sg0 type 0
[   28.346814] sd 2:0:1:0: [sdb] 20480 512-byte logical blocks: (10.5 MB/10.0 MiB)
[   28.346977] sd 2:0:0:0: [sda] 20971520 512-byte logical blocks: (10.7 GB/10.0 GiB)
[   28.889162] sd 2:0:1:0: Attached scsi generic sg1 type 0
[   28.889238] sd 2:0:1:0: [sdb] Write Protect is off
[   28.889336] sd 2:0:1:0: [sdb] Incomplete mode parameter data
[   28.889337] sd 2:0:1:0: [sdb] Assuming drive cache: write through
[   28.901710] sd 2:0:0:0: [sda] Write Protect is off
[   28.905069] sd 2:0:1:0: [sdb] Attached SCSI disk
[   28.931960] sd 2:0:0:0: [sda] Incomplete mode parameter data
[   28.936353] sd 2:0:0:0: [sda] Assuming drive cache: write through
[   28.963386]  sda: sda1
[   29.162302] sd 2:0:0:0: [sda] Attached SCSI disk
Begin: Loading e[   30.743379] md: linear personality registered for level -1
ssential drivers[   31.155014] md: multipath personality registered for level -4
 ... [   31.184379] md: raid0 personality registered for level 0
[   31.194460] md: raid1 personality registered for level 1
[   31.670543] raid6: sse2x1   gen()  8214 MB/s
[   31.778429] raid6: sse2x1   xor()  6458 MB/s
[   31.874543] raid6: sse2x2   gen() 10466 MB/s
[   31.962551] raid6: sse2x2   xor()  7442 MB/s
[   32.054532] raid6: sse2x4   gen() 12142 MB/s
[   32.146546] raid6: sse2x4   xor()  9095 MB/s
[   32.238209] raid6: using algorithm sse2x4 gen() 12142 MB/s
[   32.252104] raid6: .... xor() 9095 MB/s, rmw enabled
[   32.260156] raid6: using ssse3x2 recovery algorithm
[   32.262681] xor: automatically using best checksumming function:
[   32.831024]    avx       : 41618.000 MB/sec
[   33.082122] async_tx: api initialized (async)
[   33.468391] md: raid6 personality registered for level 6
[   33.850891] md: raid5 personality registered for level 5
[   34.110851] md: raid4 personality registered for level 4
[   34.650265] md: raid10 personality registered for level 10
done.
Begin: Running /scripts/init-premount ... done.[   34.739860] Btrfs loaded

Begin: Mounting root file system ... Begin: Running /scripts/local-top ... done.
Begin: Running /scripts/local-premount ... Scanning for Btrfs filesystems
do[   35.037659] EXT4-fs (sda1): mounted filesystem with ordered data mode. Opts: (null)
ne.
Warning: fsck not present, so skipping root file system
done.
Begin: Running /scripts/local-bottom ... done.
Begin: Running /scripts/init-bottom ... done.
[   35.318529] systemd[1]: systemd 229 running in system mode. (+PAM +AUDIT +SELINUX +IMA +APPARMOR +SMACK +SYSVINIT +UTMP +LIBCRYPTSETUP +GCRYPT +GNUTLS +ACL +XZ -LZ4 +SECCOMP +BLKID +ELFUTILS +KMOD -IDN)
[   36.042231] systemd[1]: Detected virtualization oracle.
[   36.061343] systemd[1]: Detected architecture x86-64.

Welcome to [1mUbuntu 16.04.4 LTS[0m!

[   36.107460] systemd[1]: Set hostname to <ubuntu>.
[   36.125484] systemd[1]: Initializing machine ID from random generator.
[   36.128202] systemd[1]: Installed transient /etc/machine-id file.
[ 36671]ysmd]:isning on Journal Socket (/dev/log).
[[0;32m  OK  [0m] Listening on Journal Socket (/dev/log).
[   36.994890] systemd[1]: Listening on /dev/initctl Compatibility Named Pipe.
[[0;32m  OK  [0m] Listening on /dev/initctl Compatibility Named Pipe.
[   7.393] systemd[1]: Started Forward Password Requests to Wall Directory Watch.
[[0;32m  OK  [0m] Started Forward Password Requests to Wall Directory Watch.
[ 37820] systemd[1]: Listening on LVM2 poll daemon socket.
[[0;32m  OK  [0m] Listening on LVM2 poll daemon socket.
[  38766syem[1]: Created slice System Slice.
[[0;32m  OK  [0m] Created slice System Slice.
[   38.285736] systemd[1]: Created slice system-serial\x2dgetty.slice.
[[0;32m  OK  [0m] Created slice system-serial\x2dgetty.slice.
[   38.2899] systemd[1]: Listening on Journal Socket.
[[0;32m  OK  [0m] Listening on Journal Socket.
[   38.526839] systemd[1]: Starting Create list of required static device nodes for the current kernel...
         Starting Create list of required st... nodes for the current kernel...
[   38.598680] systemd[1]: Starting Nameserver information manager...
         Starting Nameserver information manager...
[   38.790669] systemd[1]: Mounting Debug File System...
[   38.824055] random: nonblocking pool is initialized
         Mounting Debug File System...
[   38.839647] systemd[1]: Mounting Huge Pages File System...
         Mounting Huge Pages File System...
[   38.851507] systemd[1]: Starting Remount Root and Kernel File Systems...
         [   38.884700] EXT4-fs (sda1): re-mounted. Opts: (null)
Starting Remount Root and Kernel File Systems...
[   38.984902] systemd[1]: Mounting POSIX Message Queue File System...
         Mounting POSIX Message Queue File System...
[   39.022298] systemd[1]: Starting Load Kernel Modules...
         Starting Load Kernel Modules...
[   39.111598] systemd[1]: Starting Uncomplicated firewall...
[   39.121342] Loading iSCSI transport class v2.0-870.
         Starting Uncomplicated firewall...
[   39.147027] systemd[1]: Set up automount Arbitrary Executable File Formats File System Automount Point.
[[0;32m  OK  [0[   39.295377] iscsi: registered transport (tcp)
m] Set up automount Arbitrary Executab...ats Fil[   39.782131] iscsi: registered transport (iser)
e System Automount Point.
[ 40063]ysmd1]: Listening on udev Control Socket.
[[0;32m  OK  [0m] Listening on udev Control Socket.
[   40.428413] systemd[1]: Reached target User and Group Name Lookups.
[[0;32m  OK  [0m] Reached target User and Group Name Lookups.
[   40.462848] systemd[1]: Starting Set console keymap...
         Starting Set console keymap...
[   40.546638] systemd[1]: Reached target Swap.
[[0;32m  OK  [0m] Reached target Swap.
[   40.573938] systemd[1]: Started Trigger resolvconf update for networkd DNS.
[[0;32m  OK  [0m] Started Trigger resolvconf update for networkd DNS.
[   40.630765] sstemd[1]: Listening on LVM mtaata daemon socet
[[0;32m  OK  [0m] Listening on LVM2 metadata daemon socket.
[ 40630]ysmd]:Listening on udev Kernel Socket.
[[0;32m  OK  [0m] Listening on udev Kernel Socket.
[   41.440700] systemd[1]: Reached target System Time Synchronized.
[[0;32m  OK  [0m] Reached target System Time Synchronized.
[   41.484039] systemd[1]: Listening on Device-mapper event daemon FIFOs.
[[0;32m  OK  [0m] Listening on Device-mapper event daemon FIFOs.
[   41.750866] systemd[1]: Starting Monitoring of LVM2 mirrors, snapshots etc. using dmeventd or progress polling...
         Starting Monitoring of LVM2 mirrors... dmeventd or progress polling...
[   41.784088] systemd[1]: Listening on Journal Audit Socket.
[[0;32m  OK  [0m] Listening on Journal Audit Socket.
[   41.793971] systemd[1]: Reached target Encrypted Volumes.
[[0;32m  OK  [0m] Reached target Encrypted Volumes.
[   41.802607] systemd[1]: Listening on Syslog Socket.
[[0;32m  OK  [0m] Listening on Syslog Socket.
[   41.822849] systemd[1]: Starting Journal Service...
         Starting Journal Service...
[   41.843384] systemd[1]: Created slice User and Session Slice.
[[0;32m  OK  [0m] Created slice User and Session Slice.
[   41.854768] systemd[1]: Reached target Slices.
[[0;32m  OK  [0m] Reached target Slices.
[   41.879889] systemd[1]: Mounted Debug File System.
[[0;32m  OK  [0m] Mounted Debug File System.
[ 42010706] systemd[1]: Mounted POSIX Message Queue File System.
[[0;32m  OK  [0m] Mounted POSIX Message Queue File System.
[ 42202881] systemd[1]: Mntd Huge Pages File System.
[[0;32m  OK  [0m] Mounted Huge Pages File System.
[   42.554914] systemd[1]: Started Journal Service.
[[0;32m  OK  [0m] Started Journal Service.
[[0;32m  OK  [0m] Started Create list of required sta...ce nodes for the current kernel.
[[0;32m  OK  [0m] Started Remount Root and Kernel File Systems.
[[0;32m  OK  [0m] Started Load Kernel Modules.
[[0;32m  OK  [0m] Started Uncomplicated firewall.
[[0;32m  OK  [0m] Started Set console keymap.
[[0;32m  OK  [0m] Started Nameserver information manager.
[[0;32m  OK  [0m] Started LVM2 metadata daemon.
         Starting Apply Kernel Variables...
         Mounting FUSE Control File System...
         Starting udev Coldplug all Devices...
         Starting Load/Save Random Seed...
         Starting Initial cloud-init job (pre-networking)...
         Starting Create Static Device Nodes in /dev...
         Starting Flush Journal to Persistent Storage...
[[0;32m  OK  [0m] Mounted FUSE Control File System.
[[0;32m  OK  [0m] Started Apply Kernel Variables.
[[0;32m  OK  [0m] Started Monitoring of LVM2 mirrors,...ng dmeventd or progress polling.
[[0;32m  OK  [0m] Started Load/Save Random Seed.
[[0;32m  OK  [0m] Started Create Static Device Nodes in /dev.
[[0;32m  OK  [0m] Started udev Coldplug all Devices.
[[0;32m  OK  [0m] Started Flush Journal to Persistent Storage.
         Starting udev Kernel Device Manager...
[[0;32m  OK  [0m] Started udev Kernel Device Manager.
[[0;32m  OK  [0m] Reached target Local File Systems (Pre).
[[0;32m  OK  [0m] Reached target Local File Systems.
         Starting Set console font and keymap...
         Starting Create Volatile Files and Directories...
         Starting LSB: AppArmor initialization...
         Starting Commit a transient machine-id on disk...
         Starting Tell Plymouth To Write Out Runtime Data...
[[0;32m  OK  [0m] Started Dispatch Password Requests to Console Directory Watch.
[[0;32m  OK  [0m] Started Create Volatile Files and Directories.
[[0;32m  OK  [0m] Started Commit a transient machine-id on disk.
[[0;1;31mFAILED[0m] Failed to start Set console font and keymap.
See 'systemctl status console-setup.service' for details.
[   34.764582] cloud-init[457]: Cloud-init v. 17.2 running 'init-local' at Wed, 18 Apr 2018 22:44:12 +0000. Up 34.39 seconds.
[[0;32m  OK  [0m] Started Tell Plymouth To Write Out Runtime Data.
[[0;32m  OK  [0m] Started Initial cloud-init job (pre-networking).
[[0;32m  OK  [0m] Found device /dev/ttyS0.
[[0;32m  OK  [0m] Listening on Load/Save RF Kill Switch Status /dev/rfkill Watch.
[[0;32m  OK  [0m] Reached target Network (Pre).
[[0;32m  OK  [0m] Created slice system-getty.slice.
         Starting Update UTMP about System Boot/Shutdown...
[[0;32m  OK  [0m] Started Update UTMP about System Boot/Shutdown.
[[0;32m  OK  [0m] Started LSB: AppArmor initialization.
         Starting Raise network interfaces...
[[0;32m  OK  [0m] Started Raise network interfaces.
         Starting Initial cloud-init job (metadata service crawler)...
[[0;32m  OK  [0m] Reached target Network.
[   38.598548] cloud-init[925]: Cloud-init v. 17.2 running 'init' at Wed, 18 Apr 2018 22:44:16 +0000. Up 37.52 seconds.
[   38.651124] cloud-init[925]: ci-info: ++++++++++++++++++++++++++++++++++++++Net device info++++++++++++++++++++++++++++++++++++++
[   38.756462] cloud-init[925]: ci-info: +--------+-------+----------------------------+---------------+-------+-------------------+
[   38.756802] cloud-init[925]: ci-info: | Device |   Up  |          Address           |      Mask     | Scope |     Hw-Address    |
[   38.756981] cloud-init[925]: ci-info: +--------+-------+----------------------------+---------------+-------+-------------------+
[   38.757136] cloud-init[925]: ci-info: | enp0s3 |  True |         10.0.2.15          | 255.255.255.0 |   .   | 02:39:99:10:d1:5e |
[   38.757293] cloud-init[925]: ci-info: | enp0s3 |  True | fe80::39:99ff:fe10:d15e/64 |       .       |  link | 02:39:99:10:d1:5e |
[   38.757446] cloud-init[925]: ci-info: | enp0s8 | False |             .              |       .       |   .   | 08:00:27:8d:15:2e |
[   38.757608] cloud-init[925]: ci-info: |   lo   |  True |         127.0.0.1          |   255.0.0.0   |   .   |         .         |
[   38.757760] cloud-init[925]: ci-info: |   lo   |  True |          ::1/128           |       .       |  host |         .         |
[   38.757925] cloud-init[925]: ci-info: +--------+-------+----------------------------+---------------+-------+-------------------+
[   38.758085] cloud-init[925]: ci-info: +++++++++++++++++++++++++++Route IPv4 info++++++++++++++++++++++++++++
[   38.758251] cloud-init[925]: ci-info: +-------+-------------+----------+---------------+-----------+-------+
[   38.758430] cloud-init[925]: ci-info: | Route | Destination | Gateway  |    Genmask    | Interface | Flags |
[   38.758593] cloud-init[925]: ci-info: +-------+-------------+----------+---------------+-----------+-------+
[   38.758749] cloud-init[925]: ci-info: |   0   |   0.0.0.0   | 10.0.2.2 |    0.0.0.0    |   enp0s3  |   UG  |
[   38.758900] cloud-init[925]: ci-info: |   1   |   10.0.2.0  | 0.0.0.0  | 255.255.255.0 |   enp0s3  |   U   |
[   38.759052] cloud-init[925]: ci-info: +-------+-------------+----------+---------------+-----------+-------+
[   38.759202] cloud-init[925]: Generating public/private rsa key pair.
[   38.759354] cloud-init[925]: Your identification has been saved in /etc/ssh/ssh_host_rsa_key.
[   38.759506] cloud-init[925]: Your public key has been saved in /etc/ssh/ssh_host_rsa_key.pub.
[   38.759657] cloud-init[925]: The key fingerprint is:
[   38.759810] cloud-init[925]: SHA256:MyjBpUQV+GhdmzHluLZvSJioXlQjFm4ASVI85sXtLJ4 root@ubuntu-xenial
[   38.759967] cloud-init[925]: The key's randomart image is:
[[0;32m  OK  [0m] Started Initial cloud-init job (metadata service crawler).
[[0;32m  OK  [0m] Reached target System Initialization.[   38.760193] cloud-init[925]: +---[RSA 2048]----+
[   39.644350] cloud-init[925]: |+*oo+++. ..      |
[   39.644487] cloud-init[925]: |o +=++. +o       |
[   39.644613] cloud-init[925]: | o oO*o..=.      |
[   39.644824] cloud-init[925]: |  .o++=oo.       |
[   39.644960] cloud-init[925]: |   oo+.oS        |
[   39.645088] cloud-init[925]: |   .E.o..+       |
[   39.647006] cloud-init[925]: |   ..  ...       |
[   39.647094] cloud-init[925]: |  ..    ...      |
[   39.647226] cloud-init[925]: | ..      ..      |
[   39.647359] cloud-init[925]: +----[SHA256]-----+
[   39.647488] cloud-init[925]: Generating public/private dsa key pair.
[   39.647620] cloud-init[925]: Your identification has been saved in /etc/ssh/ssh_host_dsa_key.
[   39.647750] cloud-init[925]: Your public key has been saved in /etc/ssh/ssh_host_dsa_key.pub.
[   39.647880] cloud-init[925]: The key fingerprint is:
[   39.648013] cloud-init[925]: SHA256:jEMLr9E/Iq3aqWjsS+pUTtKxIQpAfV8vhAD7/rEg77Q root@ubuntu-xenial
[   39.648177] cloud-init[925]: The key's randomart image is:
[   39.648316] cloud-init[925]: +---[DSA 1024]----+
[   39.648445] cloud-init[925]: |o...... .        |
[   39.648578] cloud-init[925]: |.  ... . o       |
[   39.648714] cloud-init[925]: |.. +o o o .      |
[   39.648838] cloud-init[925]: |o o == = . .     |
[   39.648965] cloud-init[925]: |.. =..* S .      |
[   39.649341] cloud-init[925]: |  = .+ o         |
[   39.649469] cloud-init[925]: |.o oo+o.o        |
[   39.649602] cloud-init[925]: |++ .+++.o.       |
[   39.649728] cloud-init[925]: |*++o=E o         |
[   39.649860] cloud-init[925]: +----[SHA256]-----+
[   39.650015] cloud-init[925]: Generating public/private ecdsa key pair.
[   39.650149] cloud-init[925]: Your identification has been saved in /etc/ssh/ssh_host_ecdsa_key.
[   39.650287] cloud-init[925]: Your public key has been saved in /etc/ssh/ssh_host_ecdsa_key.pub.
[   39.650419] cloud-init[925]: The key fingerprint is:
[   39.650540] cloud-init[925]: SHA256:o9VtgpT+4NErnmVbm2p8tOq5LJOOaXlVbMVhmXqYXuA root@ubuntu-xenial
[   39.650673] cloud-init[925]: The key's randomart image is:
[   39.650798] cloud-init[925]: +---[ECDSA 256]---+
[   39.650934] cloud-init[925]: |             .o+ |
[   39.651062] cloud-init[925]: |         .  ..=  |
[   39.651193] cloud-init[925]: |        o  o *   |
[   39.651316] cloud-init[925]: |       o + .E o  |
[   39.651455] cloud-init[925]: |        S ++oo   |
[   39.651586] cloud-init[925]: |       + =.+o    |
[   39.651714] cloud-init[925]: |      ..o+=...   |
[   39.651814] cloud-init[925]: |      o+=*o+oo   |
[   39.651893] cloud-init[925]: |     .oo+=O=o    |
[   39.651968] cloud-init[925]: +----[SHA256]-----+
[   39.652071] cloud-init[925]: Generating public/private ed25519 key pair.
[   39.652208] cloud-init[925]: Your identification has been saved in /etc/ssh/ssh_host_ed25519_key.
[   39.652346] cloud-init[925]: Your public key has been saved in /etc/ssh/ssh_host_ed25519_key.pub.
[   39.652475] cloud-init[925]: The key fingerprint is:
[   39.652606] cloud-init[925]: SHA256:NfX7dWCF1ajiWYkfGL7VA0JLg/tJ0EV+M08YSL2Mbhc root@ubuntu-xenial
[   39.652735] cloud-init[925]: The key's randomart image is:
[   39.652865] cloud-init[925]: +--[ED25519 256]--+
[   39.652998] cloud-init[925]: |         +++=o.++|
[   39.653126] cloud-init[925]: |        o.+=o.++.|
[   39.653259] cloud-init[925]: |         ++=.BO..|
[   39.653393] cloud-init[925]: |        ..*.BoEB |
[   39.653527] cloud-init[925]: |        S+ X ..o+|
[   39.653660] cloud-init[925]: |          * + ..o|
[   39.653787] cloud-init[925]: |           . .  .|
[   39.653933] cloud-init[925]: |                 |
[   39.654041] cloud-init[925]: |                 |

[[0;32m  OK  [0m] Started Daily apt download activities.
[[0;32m  OK  [0m] Listening on UUID daemon activation socket.
[[0;32m  OK  [0m[   39.654261] cloud-init[925]: +----[SHA256]-----+
] Listening on ACPID Listen Socket.
[[0;32m  OK  [0m] Listening on D-Bus System Message Bus Socket.
         Starting Socket activation for snappy daemon.
         Starting LXD - unix socket.
[[0;32m  OK  [0m] Started Timer to automatically refresh installed snaps.
[[0;32m  OK  [0m] Started Daily apt upgrade and clean activities.
[[0;32m  OK  [0m] Started Daily Cleanup of Temporary Directories.
[[0;32m  OK  [0m] Reached target Timers.
[[0;32m  OK  [0m] Started ACPI Events Check.
[[0;32m  OK  [0m] Reached target Paths.
[[0;32m  OK  [0m] Reached target Cloud-config availability.
[[0;32m  OK  [0m] Reached target Network is Online.
         Starting iSCSI initiator daemon (iscsid)...
[[0;32m  OK  [0m] Listening on Socket activation for snappy daemon.
[[0;32m  OK  [0m] Listening on LXD - unix socket.
[[0;32m  OK  [0m] Reached target Sockets.
[[0;32m  OK  [0m] Reached target Basic System.
[[0;32m  OK  [0m] Started Deferred execution scheduler.
         Starting LXD - container startup/shutdown...
         Starting Virtualbox guest utils...
         Starting System Logging Service...
         Starting LSB: Record successful boot for GRUB...
[[0;32m  OK  [0m] Started FUSE filesystem for LXC.
         Starting Login Service...
[[0;32m  OK  [0m] Started ACPI event daemon.
         Starting Apply the settings specified in cloud-config...
[[0;32m  OK  [0m] Started Unattended Upgrades Shutdown.
         Starting Pollinate to seed the pseudo random number generator...
         Starting /etc/rc.local Compatibility...
[[0;32m  OK  [0m] Started D-Bus System Message Bus.
[[0;32m  OK  [0m] Started Regular background program processing daemon.
         Starting LSB: MD monitoring daemon...
         Starting Accounts Service...
         Starting Snappy daemon...
[[0;32m  OK  [0m] Started System Logging Service.
[[0;32m  OK  [0m] Started iSCSI initiator daemon (iscsid).
[[0;32m  OK  [0m] Started LXD - container startup/shutdown.
[[0;32m  OK  [0m] Started /etc/rc.local Compatibility.
[[0;32m  OK  [0m] Started LSB: Record successful boot for GRUB.
[[0;32m  OK  [0m] Started Login Service.
         Starting Authenticate and Authorize Users to Run Privileged Tasks...
         Starting Login to default iSCSI targets...
[   42.819954] cloud-init[1050]: Generating locales (this might take a while)...
[[0;32m  OK  [0m] Started LSB: MD monitoring daemon.
[[0;32m  OK  [0m] Started Virtualbox guest utils.
[[0;32m  OK  [0m] Started Authenticate and Authorize Users to Run Privileged Tasks.
[[0;32m  OK  [0m] Started Accounts Service.
[[0;32m  OK  [0m] Started Snappy daemon.
[[0;32m  OK  [0m] Started Login to default iSCSI targets.
[[0;32m  OK  [0m] Reached target Remote File Systems (Pre).
[[0;32m  OK  [0m] Reached target Remote File Systems.
         Starting LSB: Set the CPU Frequency Scaling governor to "ondemand"...
         Starting LSB: daemon to balance interrupts for SMP systems...
         Starting Permit User Sessions...
         Starting LSB: automatic crash report generation...
[[0;32m  OK  [0m] Started Pollinate to seed the pseudo random number generator.
[[0;32m  OK  [0m] Started Permit User Sessions.
[[0;32m  OK  [0m] Started LSB: Set the CPU Frequency Scaling governor to "ondemand".
[[0;32m  OK  [0m] Started LSB: daemon to balance interrupts for SMP systems.
         Starting Terminate Plymouth Boot Screen...
         Starting Hold until boot process finishes up...
         Starting OpenBSD Secure Shell server...
[[0;32m  OK  [0m] Started LSB: automatic crash report generation.
[[0;32m  OK  [0m] Started Terminate Plymouth Boot Screen.
[[0;32m  OK  [0m] Started Hold until boot process finishes up.
[[0;32m  OK  [0m] Started Serial Getty on ttyS0.
         Starting Set console scheme...
[[0;32m  OK  [0m] Started Getty on tty1.
[[0;32m  OK  [0m] Reached target Login Prompts.
[[0;32m  OK  [0m] Started OpenBSD Secure Shell server.
[[0;32m  OK  [0m] Started Set console scheme.
[[0;32m  OK  [0m] Reached target Multi-User System.
[[0;32m  OK  [0m] Reached target Graphical Interface.
         Starting Update UTMP about System Runlevel Changes...
[[0;32m  OK  [0m] Started Update UTMP about System Runlevel Changes.
[[0;32m  OK  [0m] Created slice User Slice of vagrant.
         Starting User Manager for UID 1000...
[[0;32m  OK  [0m] Started Session 1 of user vagrant.
[[0;32m  OK  [0m] Started User Manager for UID 1000.
[   44.016322] cloud-init[1050]:   en_US.UTF-8... done
[   44.036242] cloud-init[1050]: Generation complete.
[   44.860465] cloud-init[1050]: Cloud-init v. 17.2 running 'modules:config' at Wed, 18 Apr 2018 22:44:20 +0000. Up 42.32 seconds.
[[0;32m  OK  [0m] Started Apply the settings specified in cloud-config.
         Starting Execute cloud user/final scripts...
ci-info: no authorized ssh keys fingerprints found for user ubuntu.
<14>Apr 18 22:44:24 ec2: 
<14>Apr 18 22:44:24 ec2: #############################################################
<14>Apr 18 22:44:24 ec2: -----BEGIN SSH HOST KEY FINGERPRINTS-----
<14>Apr 18 22:44:24 ec2: 1024 SHA256:jEMLr9E/Iq3aqWjsS+pUTtKxIQpAfV8vhAD7/rEg77Q root@ubuntu-xenial (DSA)
<14>Apr 18 22:44:24 ec2: 256 SHA256:o9VtgpT+4NErnmVbm2p8tOq5LJOOaXlVbMVhmXqYXuA root@ubuntu-xenial (ECDSA)
<14>Apr 18 22:44:24 ec2: 256 SHA256:NfX7dWCF1ajiWYkfGL7VA0JLg/tJ0EV+M08YSL2Mbhc root@ubuntu-xenial (ED25519)
<14>Apr 18 22:44:24 ec2: 2048 SHA256:MyjBpUQV+GhdmzHluLZvSJioXlQjFm4ASVI85sXtLJ4 root@ubuntu-xenial (RSA)
<14>Apr 18 22:44:24 ec2: -----END SSH HOST KEY FINGERPRINTS-----
<14>Apr 18 22:44:24 ec2: #############################################################
-----BEGIN SSH HOST KEY KEYS-----
ecdsa-sha2-nistp256 AAAAE2VjZHNhLXNoYTItbmlzdHAyNTYAAAAIbmlzdHAyNTYAAABBBPftTGy7CebrAroXdcgV4apONShtHLK+OUNesIR5XK4pckjrC9VPGKA8ntnTHTXUstqztFxsI8LYWh6Q/tIrkYQ= root@ubuntu-xenial
ssh-ed25519 AAAAC3NzaC1lZDI1NTE5AAAAIIRTT0B04+WWQ53JNqYSXRhvMQqdm5V0w+Rh5hfJReDO root@ubuntu-xenial
ssh-rsa AAAAB3NzaC1yc2EAAAADAQABAAABAQDF5e8w14COZu4emHfu9xnc+O6TTGRBwWZVGfk5mEjcM72PjdAwCNxIN8sH8nfPa1wQ7EumHsEg7kUYcv7Ifq1BMdRGvzifO/OWNrXHK1hFMlDfcvm3hE0Qg/ZZ0HiR6L3KloDZggJb4/AtXvGXuFvnQuYLREgf8woLwnzo2e0lR+wvWk0ABlI8WXWfWjsM2qKBqze9ySKO/loKnkgIIGw1KsQMrfwREXf2ZjjRbJMRbomAHJcGc8FDuuGfpbMQm2MOjRU4nn1C1FUqQo88sb+N4WV/ZWxCebUijpRbn6z4zaV4TpBR+PjSp1TSCNGYIr1RC6GKCj9XpNehwbsLP3k7 root@ubuntu-xenial
-----END SSH HOST KEY KEYS-----
[   46.259142] cloud-init[1347]: Cloud-init v. 17.2 running 'modules:final' at Wed, 18 Apr 2018 22:44:24 +0000. Up 45.65 seconds.
[   46.281976] cloud-init[1347]: ci-info: no authorized ssh keys fingerprints found for user ubuntu.
[   46.284986] cloud-init[1347]: Cloud-init v. 17.2 finished at Wed, 18 Apr 2018 22:44:24 +0000. Datasource DataSourceNoCloud [seed=/dev/sdb][dsmode=net].  Up 46.24 seconds
[[0;32m  OK  [0m] Started Execute cloud user/final scripts.
[[0;32m  OK  [0m] Reached target Cloud-init target.

Ubuntu 16.04.4 LTS pg-1 ttyS0

pg-1 login: 